2026-02-06T16:33:40.0052072Z ##[group]Run ./gradlew assembleDebug
./gradlew assembleDebug
shell: /usr/bin/bash -e {0}
env:
  JAVA_HOME: /opt/hostedtoolcache/Java_Temurin-Hotspot_jdk/17.0.18-8/x64
  JAVA_HOME_17_X64: /opt/hostedtoolcache/Java_Temurin-Hotspot_jdk/17.0.18-8/x64
  GRADLE_ACTION_ID: gradle/actions/setup-gradle
  GRADLE_USER_HOME: /home/runner/.gradle
  GRADLE_BUILD_ACTION_SETUP_COMPLETED: true
  GRADLE_BUILD_ACTION_CACHE_RESTORED: true
  DEVELOCITY_INJECTION_INIT_SCRIPT_NAME: gradle-actions.inject-develocity.init.gradle
  DEVELOCITY_INJECTION_CUSTOM_VALUE: gradle-actions
  GITHUB_DEPENDENCY_GRAPH_ENABLED: false
> Task :app:preBuild UP-TO-DATE
> Task :app:preGithubReleaseDebugBuild UP-TO-DATE
> Task :app:mergeGithubReleaseDebugNativeDebugMetadata NO-SOURCE
> Task :app:checkKotlinGradlePluginConfigurationErrors SKIPPED
> Task :app:generateGithubReleaseDebugResValues
> Task :app:dataBindingMergeDependencyArtifactsGithubReleaseDebug
> Task :app:generateGithubReleaseDebugResources
> Task :app:packageGithubReleaseDebugResources
> Task :app:processGithubReleaseDebugNavigationResources
> Task :app:mergeGithubReleaseDebugResources
> Task :app:generateGithubReleaseDebugBuildConfig
> Task :app:checkGithubReleaseDebugAarMetadata
> Task :app:compileGithubReleaseDebugNavigationResources
> Task :app:mapGithubReleaseDebugSourceSetPaths
> Task :app:parseGithubReleaseDebugLocalResources
> Task :app:createGithubReleaseDebugCompatibleScreenManifests
> Task :app:dataBindingGenBaseClassesGithubReleaseDebug
> Task :app:extractDeepLinksGithubReleaseDebug

> Task :app:processGithubReleaseDebugMainManifest
package="com.mydeck.app" found in source AndroidManifest.xml: /home/runner/work/mydeck-android/mydeck-android/app/src/main/AndroidManifest.xml.
Setting the namespace via the package attribute in the source AndroidManifest.xml is no longer supported, and the value is ignored.
Recommendation: remove package="com.mydeck.app" from the source AndroidManifest.xml: /home/runner/work/mydeck-android/mydeck-android/app/src/main/AndroidManifest.xml.

> Task :app:processGithubReleaseDebugManifest
> Task :app:processGithubReleaseDebugManifestForPackage
> Task :app:javaPreCompileGithubReleaseDebug
> Task :app:preGithubSnapshotDebugBuild UP-TO-DATE
> Task :app:dataBindingMergeDependencyArtifactsGithubSnapshotDebug
> Task :app:generateGithubSnapshotDebugResValues
> Task :app:generateGithubSnapshotDebugResources
warn: removing resource com.mydeck.app:string/unread without required default value.

> Task :app:processGithubReleaseDebugResources
> Task :app:mergeGithubSnapshotDebugResources
> Task :app:packageGithubSnapshotDebugResources
> Task :app:processGithubSnapshotDebugNavigationResources
> Task :app:generateGithubSnapshotDebugBuildConfig
> Task :app:parseGithubSnapshotDebugLocalResources
> Task :app:compileGithubSnapshotDebugNavigationResources
> Task :app:checkGithubSnapshotDebugAarMetadata
> Task :app:dataBindingGenBaseClassesGithubSnapshotDebug
> Task :app:mapGithubSnapshotDebugSourceSetPaths
> Task :app:createGithubSnapshotDebugCompatibleScreenManifests
> Task :app:extractDeepLinksGithubSnapshotDebug

> Task :app:processGithubSnapshotDebugMainManifest
package="com.mydeck.app" found in source AndroidManifest.xml: /home/runner/work/mydeck-android/mydeck-android/app/src/main/AndroidManifest.xml.
Setting the namespace via the package attribute in the source AndroidManifest.xml is no longer supported, and the value is ignored.
Recommendation: remove package="com.mydeck.app" from the source AndroidManifest.xml: /home/runner/work/mydeck-android/mydeck-android/app/src/main/AndroidManifest.xml.

> Task :app:processGithubSnapshotDebugManifest
> Task :app:processGithubSnapshotDebugManifestForPackage
> Task :app:javaPreCompileGithubSnapshotDebug
> Task :app:mergeGithubReleaseDebugShaders
> Task :app:compileGithubReleaseDebugShaders NO-SOURCE
> Task :app:generateGithubReleaseDebugAssets UP-TO-DATE
> Task :app:mergeGithubReleaseDebugAssets
> Task :app:compressGithubReleaseDebugAssets
> Task :app:checkGithubReleaseDebugDuplicateClasses
warn: removing resource com.mydeck.app.snapshot:string/unread without required default value.

> Task :app:processGithubSnapshotDebugResources
> Task :app:desugarGithubReleaseDebugFileDependencies
> Task :app:kspGithubReleaseDebugKotlin
> Task :app:l8DexDesugarLibGithubReleaseDebug
> Task :app:kspGithubSnapshotDebugKotlin
> Task :app:mergeExtDexGithubReleaseDebug
> Task :app:mergeLibDexGithubReleaseDebug
> Task :app:mergeGithubReleaseDebugJniLibFolders

> Task :app:kspGithubReleaseDebugKotlin
w: [ksp] /home/runner/work/mydeck-android/mydeck-android/app/src/main/java/com/mydeck/app/io/db/dao/BookmarkDao.kt:161: The return value includes a data class with a @Relation. It is usually desired to annotate this function with @Transaction to avoid possibility of inconsistent results between the data class and its relations. See https://developer.android.com/reference/androidx/room/Transaction.html for details.
w: [ksp] /home/runner/work/mydeck-android/mydeck-android/app/src/main/java/com/mydeck/app/io/db/dao/BookmarkDao.kt:164: The return value includes a data class with a @Relation. It is usually desired to annotate this function with @Transaction to avoid possibility of inconsistent results between the data class and its relations. See https://developer.android.com/reference/androidx/room/Transaction.html for details.

> Task :app:kspGithubSnapshotDebugKotlin
w: [ksp] /home/runner/work/mydeck-android/mydeck-android/app/src/main/java/com/mydeck/app/io/db/dao/BookmarkDao.kt:161: The return value includes a data class with a @Relation. It is usually desired to annotate this function with @Transaction to avoid possibility of inconsistent results between the data class and its relations. See https://developer.android.com/reference/androidx/room/Transaction.html for details.
w: [ksp] /home/runner/work/mydeck-android/mydeck-android/app/src/main/java/com/mydeck/app/io/db/dao/BookmarkDao.kt:164: The return value includes a data class with a @Relation. It is usually desired to annotate this function with @Transaction to avoid possibility of inconsistent results between the data class and its relations. See https://developer.android.com/reference/androidx/room/Transaction.html for details.

> Task :app:mergeGithubReleaseDebugNativeLibs

> Task :app:stripGithubReleaseDebugDebugSymbols
Unable to strip the following libraries, packaging them as they are: libandroidx.graphics.path.so, libdatastore_shared_counter.so. Run with --info option to learn more.

> Task :app:validateSigningGithubReleaseDebug
> Task :app:writeGithubReleaseDebugAppMetadata
> Task :app:writeGithubReleaseDebugSigningConfigVersions
> Task :app:mergeGithubSnapshotDebugNativeDebugMetadata NO-SOURCE
> Task :app:mergeGithubSnapshotDebugShaders
> Task :app:compileGithubSnapshotDebugShaders NO-SOURCE
> Task :app:generateGithubSnapshotDebugAssets UP-TO-DATE
> Task :app:mergeGithubSnapshotDebugAssets
> Task :app:compressGithubSnapshotDebugAssets
> Task :app:checkGithubSnapshotDebugDuplicateClasses
> Task :app:desugarGithubSnapshotDebugFileDependencies
> Task :app:l8DexDesugarLibGithubSnapshotDebug
> Task :app:mergeLibDexGithubSnapshotDebug
> Task :app:mergeExtDexGithubSnapshotDebug
> Task :app:mergeGithubSnapshotDebugJniLibFolders
> Task :app:validateSigningGithubSnapshotDebug
> Task :app:mergeGithubSnapshotDebugNativeLibs
> Task :app:writeGithubSnapshotDebugAppMetadata
> Task :app:writeGithubSnapshotDebugSigningConfigVersions

> Task :app:stripGithubSnapshotDebugDebugSymbols
Unable to strip the following libraries, packaging them as they are: libandroidx.graphics.path.so, libdatastore_shared_counter.so. Run with --info option to learn more.

> Task :app:compileGithubSnapshotDebugKotlin
e: file:///home/runner/work/mydeck-android/mydeck-android/app/src/main/java/com/mydeck/app/ui/detail/BookmarkDetailScreen.kt:300:32 Unresolved reference 'contentLoadState'.
e: file:///home/runner/work/mydeck-android/mydeck-android/app/src/main/java/com/mydeck/app/ui/detail/BookmarkDetailScreen.kt:301:37 Unresolved reference 'viewModel'.
e: file:///home/runner/work/mydeck-android/mydeck-android/app/src/main/java/com/mydeck/app/ui/detail/BookmarkDetailScreen.kt:302:36 'val' cannot be reassigned.

> Task :app:compileGithubReleaseDebugKotlin FAILED

e: file:///home/runner/work/mydeck-android/mydeck-android/app/src/main/java/com/mydeck/app/ui/detail/BookmarkDetailScreen.kt:300:32 Unresolved reference 'contentLoadState'.
> Task :app:compileGithubSnapshotDebugKotlin FAILED
> Task :app:copyRoomSchemas
e: file:///home/runner/work/mydeck-android/mydeck-android/app/src/main/java/com/mydeck/app/ui/detail/BookmarkDetailScreen.kt:301:37 Unresolved reference 'viewModel'.
e: file:///home/runner/work/mydeck-android/mydeck-android/app/src/main/java/com/mydeck/app/ui/detail/BookmarkDetailScreen.kt:302:36 'val' cannot be reassigned.

gradle/actions: Writing build results to /home/runner/work/_temp/.gradle-actions/build-results/__run_3-1770395620669.json
FAILURE: Build completed with 2 failures.
71 actionable tasks: 71 executed

1: Task failed with an exception.
-----------
* What went wrong:
Execution failed for task ':app:compileGithubSnapshotDebugKotlin'.
> A failure occurred while executing org.jetbrains.kotlin.compilerRunner.GradleCompilerRunnerWithWorkers$GradleKotlinCompilerWorkAction
   > Compilation error. See log for more details

* Try:
> Run with --stacktrace option to get the stack trace.
> Run with --info or --debug option to get more log output.
> Run with --scan to get full insights.
> Get more help at https://help.gradle.org.
==============================================================================

2: Task failed with an exception.
-----------
* What went wrong:
Execution failed for task ':app:compileGithubReleaseDebugKotlin'.
> A failure occurred while executing org.jetbrains.kotlin.compilerRunner.GradleCompilerRunnerWithWorkers$GradleKotlinCompilerWorkAction
   > Compilation error. See log for more details

* Try:
> Run with --stacktrace option to get the stack trace.
> Run with --info or --debug option to get more log output.
> Run with --scan to get full insights.
> Get more help at https://help.gradle.org.
==============================================================================

BUILD FAILED in 1m 15s